<?xml version="1.0" encoding="UTF-8"?>
<!-- Generated by org.testng.reporters.JUnitReportReporter -->
<testsuite hostname="DESKTOP-2J5KE05" failures="0" tests="3" name="TestNGRevision.FBTest" time="16.023" errors="0" timestamp="2023-07-05T12:54:41 IST" skipped="0">
  <testcase classname="TestNGRevision.FBTest" name="fBLogin" time="4.338"/>
  <system-out/>
  <testcase classname="TestNGRevision.FBTest" name="fBLogin" time="4.315"/>
  <system-out/>
  <testcase classname="TestNGRevision.FBTest" name="fBLogin" time="7.370"/>
  <system-out/>
</testsuite> <!-- TestNGRevision.FBTest -->
