<?xml version="1.0" encoding="UTF-8"?>
<!-- Generated by org.testng.reporters.JUnitReportReporter -->
<testsuite hostname="DESKTOP-2J5KE05" failures="0" tests="1" name="TestNGRevision.PropertyFile" time="0.008" errors="0" timestamp="2023-07-05T12:22:25 IST" skipped="0">
  <testcase classname="TestNGRevision.PropertyFile" name="f" time="0.008"/>
  <system-out/>
</testsuite> <!-- TestNGRevision.PropertyFile -->
