<?xml version="1.0" encoding="UTF-8"?>
<!-- Generated by org.testng.reporters.JUnitReportReporter -->
<testsuite hostname="DESKTOP-2J5KE05" failures="0" tests="1" name="Revision.TestNGDemo" time="0.009" errors="0" timestamp="2023-06-30T11:06:10 IST" skipped="0">
  <testcase classname="Revision.TestNGDemo" name="TC1" time="0.009"/>
  <system-out/>
</testsuite> <!-- Revision.TestNGDemo -->
