<?xml version="1.0" encoding="UTF-8"?>
<!-- Generated by org.testng.reporters.JUnitReportReporter -->
<testsuite hostname="DESKTOP-2J5KE05" failures="0" tests="8" name="TestNGRevision.Suit" time="0.015" errors="0" timestamp="2023-07-07T17:30:46 IST" skipped="0">
  <testcase classname="TestNGRevision.Suit" name="TC4" time="0.001"/>
  <system-out/>
  <testcase classname="TestNGRevision.Suit" name="TC2" time="0.001"/>
  <system-out/>
  <testcase classname="TestNGRevision.Suit" name="TC2" time="0.001"/>
  <system-out/>
  <testcase classname="TestNGRevision.Suit" name="TC4" time="0.001"/>
  <system-out/>
  <testcase classname="TestNGRevision.Suit" name="TC1" time="0.007"/>
  <system-out/>
  <testcase classname="TestNGRevision.Suit" name="TC3" time="0.002"/>
  <system-out/>
  <testcase classname="TestNGRevision.Suit" name="TC3" time="0.001"/>
  <system-out/>
  <testcase classname="TestNGRevision.Suit" name="TC1" time="0.001"/>
  <system-out/>
</testsuite> <!-- TestNGRevision.Suit -->
